{
  "stats": {
    "suites": 1,
    "tests": 8,
    "passes": 7,
    "pending": 0,
    "failures": 1,
    "start": "2025-01-14T23:39:02.997Z",
    "end": "2025-01-14T23:39:06.480Z",
    "duration": 3483,
    "testsRegistered": 8,
    "passPercent": 87.5,
    "pendingPercent": 0,
    "other": 0,
    "hasOther": false,
    "skipped": 0,
    "hasSkipped": false
  },
  "results": [
    {
      "uuid": "e2bdafcc-9421-4eb0-8232-d492ed5ae7a7",
      "title": "",
      "fullFile": "cypress/e2e/usuario/usuario.cy.js",
      "file": "cypress/e2e/usuario/usuario.cy.js",
      "beforeHooks": [],
      "afterHooks": [],
      "tests": [],
      "suites": [
        {
          "uuid": "367d43dd-f1dd-4d0b-805a-cb21cff90589",
          "title": "Testes de API endpojt usuario ",
          "fullFile": "",
          "file": "",
          "beforeHooks": [],
          "afterHooks": [],
          "tests": [
            {
              "title": "Nao permite cadastrar  usuario com email existente na base",
              "fullTitle": "Testes de API endpojt usuario  Nao permite cadastrar  usuario com email existente na base",
              "timedOut": null,
              "duration": 1268,
              "state": "passed",
              "speed": "fast",
              "pass": true,
              "fail": false,
              "pending": false,
              "context": null,
              "code": "cy.postUsuario(\"Fulano da Silva\").then(response => {\n  expect(response.status).to.eq(400);\n  expect(response.body).to.have.property('message', 'Este email já está sendo usado');\n});",
              "err": {},
              "uuid": "ee946061-9312-4051-8af2-20ac0ba3582b",
              "parentUUID": "367d43dd-f1dd-4d0b-805a-cb21cff90589",
              "isHook": false,
              "skipped": false
            },
            {
              "title": "Deve cadastrar novo usuario como administrador",
              "fullTitle": "Testes de API endpojt usuario  Deve cadastrar novo usuario como administrador",
              "timedOut": null,
              "duration": 192,
              "state": "passed",
              "speed": "fast",
              "pass": true,
              "fail": false,
              "pending": false,
              "context": null,
              "code": "cy.postUsuarioValido(\"true\").then(response => {\n  expect(response.status).to.eq(201);\n  expect(response.body).to.have.property(\"message\", \"Cadastro realizado com sucesso\");\n});",
              "err": {},
              "uuid": "41e62e64-7bc8-4508-8bb2-60c0ec91fe33",
              "parentUUID": "367d43dd-f1dd-4d0b-805a-cb21cff90589",
              "isHook": false,
              "skipped": false
            },
            {
              "title": "Deve cadastrar novo usuario",
              "fullTitle": "Testes de API endpojt usuario  Deve cadastrar novo usuario",
              "timedOut": null,
              "duration": 188,
              "state": "passed",
              "speed": "fast",
              "pass": true,
              "fail": false,
              "pending": false,
              "context": null,
              "code": "cy.postUsuarioValido(\"false\").then(response => {\n  expect(response.status).to.eq(201);\n  expect(response.body).to.have.property(\"message\", \"Cadastro realizado com sucesso\");\n});",
              "err": {},
              "uuid": "a2f26a65-bc22-4f52-80ad-be5a4a6323ea",
              "parentUUID": "367d43dd-f1dd-4d0b-805a-cb21cff90589",
              "isHook": false,
              "skipped": false
            },
            {
              "title": "Deve listar usuários com sucesso",
              "fullTitle": "Testes de API endpojt usuario  Deve listar usuários com sucesso",
              "timedOut": null,
              "duration": 579,
              "state": "passed",
              "speed": "fast",
              "pass": true,
              "fail": false,
              "pending": false,
              "context": null,
              "code": "cy.getUsuarios().then(response => {\n  expect(response.status).to.eq(200);\n});",
              "err": {},
              "uuid": "7f92e924-a603-427f-a8a4-23a4046b235b",
              "parentUUID": "367d43dd-f1dd-4d0b-805a-cb21cff90589",
              "isHook": false,
              "skipped": false
            },
            {
              "title": "Nao existe id valido para excluir na base",
              "fullTitle": "Testes de API endpojt usuario  Nao existe id valido para excluir na base",
              "timedOut": null,
              "duration": 191,
              "state": "passed",
              "speed": "fast",
              "pass": true,
              "fail": false,
              "pending": false,
              "context": null,
              "code": "cy.deleteUsuarioValido(\"0v3CRatrxlwVozw5\").then(response => {\n  expect(response.status).to.eq(200);\n  expect(response.body).to.have.property(\"message\", \"Nenhum registro excluído\");\n});",
              "err": {},
              "uuid": "a947202b-2585-43fa-a9e5-5aa442daf117",
              "parentUUID": "367d43dd-f1dd-4d0b-805a-cb21cff90589",
              "isHook": false,
              "skipped": false
            },
            {
              "title": "Deve excluir registro",
              "fullTitle": "Testes de API endpojt usuario  Deve excluir registro",
              "timedOut": null,
              "duration": 364,
              "state": "failed",
              "speed": null,
              "pass": false,
              "fail": true,
              "pending": false,
              "context": null,
              "code": "cy.deleteUsuarioValido(\"51dNOhR2yIeKANrM\").then(response => {\n  expect(response.status).to.eq(200);\n  expect(response.body).to.have.property(\"message\", \"Registro excluído com sucesso\");\n});",
              "err": {
                "message": "AssertionError: expected { message: 'Nenhum registro excluído' } to have property 'message' of 'Registro excluído com sucesso', but got 'Nenhum registro excluído'",
                "estack": "AssertionError: expected { message: 'Nenhum registro excluído' } to have property 'message' of 'Registro excluído com sucesso', but got 'Nenhum registro excluído'\n    at Context.eval (webpack:///./cypress/e2e/usuario/usuario.cy.js:48:36)",
                "diff": "- 'Nenhum registro excluído'\n+ 'Registro excluído com sucesso'\n"
              },
              "uuid": "d1eb3a77-e50e-487a-9835-67c845f65985",
              "parentUUID": "367d43dd-f1dd-4d0b-805a-cb21cff90589",
              "isHook": false,
              "skipped": false
            },
            {
              "title": "Deve atualizar um usuário existente",
              "fullTitle": "Testes de API endpojt usuario  Deve atualizar um usuário existente",
              "timedOut": null,
              "duration": 185,
              "state": "passed",
              "speed": "fast",
              "pass": true,
              "fail": false,
              "pending": false,
              "context": null,
              "code": "cy.putUsuarioValido(\"N64P75Kfvqu0p6NE\").then(response => {\n  expect(response.status).to.eq(200);\n  expect(response.body).to.have.property('message', 'Registro alterado com sucesso');\n});",
              "err": {},
              "uuid": "bd5c66f3-e14c-4743-8245-f6e5d5b95db5",
              "parentUUID": "367d43dd-f1dd-4d0b-805a-cb21cff90589",
              "isHook": false,
              "skipped": false
            },
            {
              "title": "Deve listar usuario por id",
              "fullTitle": "Testes de API endpojt usuario  Deve listar usuario por id",
              "timedOut": null,
              "duration": 170,
              "state": "passed",
              "speed": "fast",
              "pass": true,
              "fail": false,
              "pending": false,
              "context": null,
              "code": "cy.getUsuarioValido(\"N64P75Kfvqu0p6NE\").then(response => {\n  expect(response.status).to.eq(200);\n});",
              "err": {},
              "uuid": "139fcbd6-b2ab-4b81-8a2d-8cbbfff9236e",
              "parentUUID": "367d43dd-f1dd-4d0b-805a-cb21cff90589",
              "isHook": false,
              "skipped": false
            }
          ],
          "suites": [],
          "passes": [
            "ee946061-9312-4051-8af2-20ac0ba3582b",
            "41e62e64-7bc8-4508-8bb2-60c0ec91fe33",
            "a2f26a65-bc22-4f52-80ad-be5a4a6323ea",
            "7f92e924-a603-427f-a8a4-23a4046b235b",
            "a947202b-2585-43fa-a9e5-5aa442daf117",
            "bd5c66f3-e14c-4743-8245-f6e5d5b95db5",
            "139fcbd6-b2ab-4b81-8a2d-8cbbfff9236e"
          ],
          "failures": [
            "d1eb3a77-e50e-487a-9835-67c845f65985"
          ],
          "pending": [],
          "skipped": [],
          "duration": 3137,
          "root": false,
          "rootEmpty": false,
          "_timeout": 2000
        }
      ],
      "passes": [],
      "failures": [],
      "pending": [],
      "skipped": [],
      "duration": 0,
      "root": true,
      "rootEmpty": true,
      "_timeout": 2000
    }
  ],
  "meta": {
    "mocha": {
      "version": "7.0.1"
    },
    "mochawesome": {
      "options": {
        "quiet": false,
        "reportFilename": "mochawesome",
        "saveHtml": false,
        "saveJson": true,
        "consoleReporter": "spec",
        "useInlineDiffs": false,
        "code": true
      },
      "version": "7.1.3"
    },
    "marge": {
      "options": {
        "charts": true,
        "reportPageTitle": "Cypress Allure Report",
        "embeddedScreenshots": true,
        "inlineAssets": true,
        "overwrite": false,
        "html": false,
        "json": true,
        "reportDir": "cypress/reports/html/.jsons"
      },
      "version": "6.2.0"
    }
  }
}