<?xml version="1.0" encoding="UTF-8"?>
<testsuites name="Mocha Tests" time="3.333" tests="7" failures="0">
  <testsuite name="Root Suite" timestamp="2025-01-16T14:46:41" tests="0" file="cypress/e2e/usuario/usuario.cy.js" time="0.000" failures="0">
  </testsuite>
  <testsuite name="Testes de API endpoint usuario " timestamp="2025-01-16T14:46:41" tests="7" time="3.313" failures="0">
    <testcase name="Testes de API endpoint usuario  Nao permite cadastrar  usuario com email existente na base" time="1.005" classname="Nao permite cadastrar  usuario com email existente na base">
    </testcase>
    <testcase name="Testes de API endpoint usuario  Deve cadastrar novo usuario como administrador" time="0.202" classname="Deve cadastrar novo usuario como administrador">
    </testcase>
    <testcase name="Testes de API endpoint usuario  Deve cadastrar novo usuario" time="0.186" classname="Deve cadastrar novo usuario">
    </testcase>
    <testcase name="Testes de API endpoint usuario  Deve listar usuários com sucesso" time="0.521" classname="Deve listar usuários com sucesso">
    </testcase>
    <testcase name="Testes de API endpoint usuario  Nao existe id valido para excluir na base" time="0.209" classname="Nao existe id valido para excluir na base">
    </testcase>
    <testcase name="Testes de API endpoint usuario  Deve excluir registro" time="0.480" classname="Deve excluir registro">
    </testcase>
    <testcase name="Testes de API endpoint usuario  Deve listar usuario por id" time="0.194" classname="Deve listar usuario por id">
    </testcase>
  </testsuite>
</testsuites>